TN:
SF:Admin.js
FN:50,(anonymous_0)
FN:57,(anonymous_1)
FNF:2
FNH:0
FNDA:0,(anonymous_0)
FNDA:0,(anonymous_1)
DA:22,1
DA:23,1
DA:24,1
DA:50,1
DA:51,0
DA:52,0
DA:53,0
DA:57,1
DA:58,0
DA:59,0
DA:60,0
DA:61,0
DA:62,0
DA:64,0
DA:67,0
DA:70,1
DA:71,1
LF:17
LH:7
BRDA:59,0,0,0
BRDA:59,0,1,0
BRDA:61,1,0,0
BRDA:61,1,1,0
BRF:4
BRH:0
end_of_record
TN:
SF:admins.js
FN:28,(anonymous_0)
FN:59,(anonymous_1)
FN:64,(anonymous_2)
FN:83,(anonymous_3)
FN:90,(anonymous_4)
FN:170,(anonymous_5)
FN:171,(anonymous_6)
FN:173,(anonymous_7)
FN:199,(anonymous_8)
FN:200,(anonymous_9)
FN:202,(anonymous_10)
FN:231,(anonymous_11)
FN:232,(anonymous_12)
FN:234,(anonymous_13)
FN:301,(anonymous_14)
FN:312,(anonymous_15)
FN:314,(anonymous_16)
FN:360,(anonymous_17)
FN:361,(anonymous_18)
FN:363,(anonymous_19)
FN:391,(anonymous_20)
FN:392,(anonymous_21)
FN:394,(anonymous_22)
FN:413,(anonymous_23)
FNF:24
FNH:12
FNDA:1,(anonymous_0)
FNDA:0,(anonymous_1)
FNDA:0,(anonymous_2)
FNDA:0,(anonymous_3)
FNDA:0,(anonymous_4)
FNDA:1,(anonymous_5)
FNDA:1,(anonymous_6)
FNDA:0,(anonymous_7)
FNDA:1,(anonymous_8)
FNDA:1,(anonymous_9)
FNDA:0,(anonymous_10)
FNDA:1,(anonymous_11)
FNDA:1,(anonymous_12)
FNDA:0,(anonymous_13)
FNDA:1,(anonymous_14)
FNDA:1,(anonymous_15)
FNDA:0,(anonymous_16)
FNDA:0,(anonymous_17)
FNDA:0,(anonymous_18)
FNDA:0,(anonymous_19)
FNDA:1,(anonymous_20)
FNDA:0,(anonymous_21)
FNDA:1,(anonymous_22)
FNDA:1,(anonymous_23)
DA:2,1
DA:3,1
DA:6,1
DA:9,1
DA:10,1
DA:13,1
DA:16,1
DA:18,1
DA:21,1
DA:22,1
DA:25,1
DA:28,1
DA:29,1
DA:33,1
DA:34,1
DA:36,1
DA:53,1
DA:54,1
DA:56,1
DA:57,1
DA:59,1
DA:60,0
DA:64,1
DA:65,0
DA:66,0
DA:69,0
DA:70,0
DA:74,0
DA:75,0
DA:78,0
DA:82,1
DA:83,1
DA:84,0
DA:90,1
DA:91,0
DA:94,0
DA:95,0
DA:96,0
DA:97,0
DA:98,0
DA:99,0
DA:102,0
DA:103,0
DA:104,0
DA:170,1
DA:171,1
DA:172,1
DA:174,0
DA:175,0
DA:199,1
DA:200,1
DA:201,1
DA:203,0
DA:204,0
DA:231,1
DA:232,1
DA:233,1
DA:235,0
DA:236,0
DA:301,1
DA:302,1
DA:312,1
DA:313,1
DA:315,0
DA:316,0
DA:360,1
DA:361,0
DA:362,0
DA:364,0
DA:365,0
DA:391,1
DA:392,1
DA:393,0
DA:395,1
DA:396,1
DA:413,1
DA:414,1
DA:417,1
LF:78
LH:46
BRDA:69,0,0,0
BRDA:69,0,1,0
BRDA:74,1,0,0
BRDA:74,1,1,0
BRDA:174,2,0,0
BRDA:174,2,1,0
BRDA:203,3,0,0
BRDA:203,3,1,0
BRDA:235,4,0,0
BRDA:235,4,1,0
BRDA:315,5,0,0
BRDA:315,5,1,0
BRDA:364,6,0,0
BRDA:364,6,1,0
BRDA:395,7,0,1
BRDA:395,7,1,0
BRF:16
BRH:1
end_of_record
