TN:
SF:Booking.js
FNF:0
FNH:0
DA:1,1
DA:25,1
LF:2
LH:2
BRF:0
BRH:0
end_of_record
TN:
SF:bookings.js
FN:19,(anonymous_0)
FN:56,(anonymous_1)
FN:91,(anonymous_2)
FN:92,(anonymous_3)
FN:94,(anonymous_4)
FN:123,(anonymous_5)
FN:124,(anonymous_6)
FN:126,(anonymous_7)
FN:135,(anonymous_8)
FN:153,(anonymous_9)
FN:179,(anonymous_10)
FN:182,(anonymous_11)
FN:196,(anonymous_12)
FN:197,(anonymous_13)
FN:226,(anonymous_14)
FN:227,(anonymous_15)
FN:235,(anonymous_16)
FN:240,(anonymous_17)
FN:249,(anonymous_18)
FN:270,(anonymous_19)
FN:271,(anonymous_20)
FN:273,(anonymous_21)
FN:302,(anonymous_22)
FN:303,(anonymous_23)
FN:310,(anonymous_24)
FNF:25
FNH:10
FNDA:1,(anonymous_0)
FNDA:0,(anonymous_1)
FNDA:1,(anonymous_2)
FNDA:1,(anonymous_3)
FNDA:0,(anonymous_4)
FNDA:1,(anonymous_5)
FNDA:1,(anonymous_6)
FNDA:0,(anonymous_7)
FNDA:0,(anonymous_8)
FNDA:0,(anonymous_9)
FNDA:0,(anonymous_10)
FNDA:0,(anonymous_11)
FNDA:0,(anonymous_12)
FNDA:0,(anonymous_13)
FNDA:0,(anonymous_14)
FNDA:0,(anonymous_15)
FNDA:0,(anonymous_16)
FNDA:0,(anonymous_17)
FNDA:0,(anonymous_18)
FNDA:1,(anonymous_19)
FNDA:1,(anonymous_20)
FNDA:0,(anonymous_21)
FNDA:1,(anonymous_22)
FNDA:1,(anonymous_23)
FNDA:1,(anonymous_24)
DA:2,1
DA:3,1
DA:6,1
DA:9,1
DA:12,1
DA:13,1
DA:16,1
DA:19,1
DA:20,1
DA:24,1
DA:25,1
DA:28,1
DA:29,1
DA:31,1
DA:48,1
DA:49,1
DA:51,1
DA:52,1
DA:56,1
DA:57,0
DA:91,1
DA:92,1
DA:93,1
DA:95,0
DA:96,0
DA:123,1
DA:124,1
DA:125,1
DA:127,0
DA:128,0
DA:134,1
DA:135,1
DA:136,0
DA:138,0
DA:153,0
DA:154,0
DA:155,0
DA:156,0
DA:175,0
DA:177,0
DA:179,0
DA:180,0
DA:181,0
DA:183,0
DA:184,0
DA:187,0
DA:188,0
DA:196,1
DA:197,0
DA:198,0
DA:226,1
DA:227,0
DA:228,0
DA:235,1
DA:236,0
DA:238,0
DA:240,0
DA:241,0
DA:242,0
DA:246,0
DA:248,0
DA:250,0
DA:251,0
DA:270,1
DA:271,1
DA:272,1
DA:274,0
DA:275,0
DA:302,1
DA:303,1
DA:304,1
DA:310,1
DA:311,1
DA:314,1
LF:74
LH:39
BRDA:95,0,0,0
BRDA:95,0,1,0
BRDA:127,1,0,0
BRDA:127,1,1,0
BRDA:183,2,0,0
BRDA:183,2,1,0
BRDA:250,3,0,0
BRDA:250,3,1,0
BRDA:274,4,0,0
BRDA:274,4,1,0
BRF:10
BRH:0
end_of_record
TN:
SF:mail.js
FN:23,(anonymous_0)
FN:24,(anonymous_1)
FNF:2
FNH:0
FNDA:0,(anonymous_0)
FNDA:0,(anonymous_1)
DA:1,1
DA:3,1
DA:6,1
DA:15,1
DA:23,1
DA:24,0
DA:25,0
DA:26,0
DA:27,0
DA:30,0
DA:45,1
LF:11
LH:6
BRDA:25,0,0,0
BRDA:25,0,1,0
BRF:2
BRH:0
end_of_record
