TN:
SF:Train.js
FNF:0
FNH:0
DA:1,1
DA:3,1
LF:2
LH:2
BRF:0
BRH:0
end_of_record
TN:
SF:trains.js
FN:13,(anonymous_0)
FN:112,(anonymous_1)
FN:126,(anonymous_2)
FN:128,(anonymous_3)
FN:151,(anonymous_4)
FN:153,(anonymous_5)
FN:155,(anonymous_6)
FN:184,(anonymous_7)
FN:185,(anonymous_8)
FN:234,(anonymous_9)
FN:235,(anonymous_10)
FN:279,(anonymous_11)
FN:280,(anonymous_12)
FN:281,(anonymous_13)
FN:325,(anonymous_14)
FN:326,(anonymous_15)
FN:327,(anonymous_16)
FN:371,(anonymous_17)
FNF:18
FNH:13
FNDA:1,(anonymous_0)
FNDA:1,(anonymous_1)
FNDA:1,(anonymous_2)
FNDA:0,(anonymous_3)
FNDA:1,(anonymous_4)
FNDA:1,(anonymous_5)
FNDA:0,(anonymous_6)
FNDA:1,(anonymous_7)
FNDA:1,(anonymous_8)
FNDA:1,(anonymous_9)
FNDA:1,(anonymous_10)
FNDA:1,(anonymous_11)
FNDA:1,(anonymous_12)
FNDA:1,(anonymous_13)
FNDA:0,(anonymous_14)
FNDA:0,(anonymous_15)
FNDA:0,(anonymous_16)
FNDA:1,(anonymous_17)
DA:2,1
DA:3,1
DA:6,1
DA:7,1
DA:10,1
DA:13,1
DA:14,1
DA:18,1
DA:19,1
DA:22,1
DA:23,1
DA:25,1
DA:42,1
DA:43,1
DA:46,1
DA:47,1
DA:112,1
DA:113,1
DA:124,1
DA:126,1
DA:127,1
DA:129,0
DA:130,0
DA:133,1
DA:134,1
DA:151,1
DA:153,1
DA:154,1
DA:156,0
DA:157,0
DA:184,1
DA:185,1
DA:186,1
DA:187,1
DA:234,1
DA:235,1
DA:236,1
DA:237,1
DA:279,1
DA:280,1
DA:281,1
DA:282,1
DA:325,1
DA:326,0
DA:327,0
DA:328,0
DA:371,1
DA:372,1
DA:375,1
LF:49
LH:42
BRDA:129,0,0,0
BRDA:129,0,1,0
BRDA:156,1,0,0
BRDA:156,1,1,0
BRDA:186,2,0,0
BRDA:186,2,1,1
BRDA:236,3,0,0
BRDA:236,3,1,1
BRF:8
BRH:2
end_of_record
